

I'll start by reading the key files to understand the current state of the project.


⚡ [Read]



⚡ [Bash]



⚡ [Bash]



⚡ [Bash]



⚡ [Read]



⚡ [Bash]



⚡ [Read]



⚡ [Bash]



⚡ [Bash]

Now let me check the flutter-layout rules and the existing packages to understand what's available.


⚡ [Read]



⚡ [Bash]



⚡ [Bash]



⚡ [ToolSearch]



Let me check the breed data files and understand the full structure before starting implementation.


⚡ [Read]



⚡ [Read]



⚡ [Read]



⚡ [Bash]

Now I have a clear picture of the project. Let me set up the todo list and start implementing Phase 1.


⚡ [TodoWrite]

Let me check if the assets/animations directory exists and understand the workspace structure.


⚡ [Bash]



⚡ [Bash]

Good. Now let me start building Phase 1 — App Structure + Data Layer. I'll create all the models and services in parallel.


⚡ [Bash]

Now let me create all the model files and services. I'll write them in parallel.


⚡ [Write]



⚡ [Write]



⚡ [Write]



⚡ [Write]

Now let me create all the services and the breed model.


⚡ [Write]



⚡ [Write]



⚡ [Write]



⚡ [Write]



⚡ [Write]

Now let me create the router, theme config, and update main.dart. I'll also create the glassmorphism card widget.


⚡ [Write]



⚡ [Write]



⚡ [Write]



⚡ [Write]



⚡ [Write]

Now create the stub views for each feature and update main.dart.


⚡ [Write]



⚡ [Write]



⚡ [Write]



⚡ [Write]



⚡ [Write]

Now update main.dart to properly initialize services and use the router.


⚡ [Write]

Now let me run flutter analyze to check Phase 1.


⚡ [Bash]

Only warnings and info-level issues, no errors. Let me fix the warnings (unused imports/variables) quickly.


⚡ [Edit]



⚡ [Edit]



⚡ [Edit]



⚡ [Edit]



⚡ [Bash]

Phase 1 clean — 0 errors, 0 warnings. Now let me commit and move to Phase 2.


⚡ [Bash]



⚡ [TodoWrite]

Now Phase 2: Onboarding. I need 3 steps — pet info (name, breed, birthdate, weight), routine setup, and summary.


⚡ [Write]



⚡ [Bash]

Onboarding clean. Commit and move to Phase 3.


⚡ [Bash]



⚡ [TodoWrite]

Now Phase 3: Main Home Screen — the most important screen with dog state, journey timeline, and routine cards.


⚡ [Write]



⚡ [Bash]

Let me check there are no unused import warnings.


⚡ [Bash]



⚡ [Bash]



⚡ [TodoWrite]

Now Phase 4: Analysis page with 3 tabs (Time, Health, Records) and a life journey vertical timeline.


⚡ [Write]



⚡ [Bash]



⚡ [Bash]



⚡ [Bash]



⚡ [TodoWrite]

Phase 5: Guide + Settings pages. Let me write both in parallel.


⚡ [Write]



⚡ [Write]



⚡ [Bash]



⚡ [Bash]



⚡ [TodoWrite]

Phase 6: Polish — add streak animation, time-based speech, and ensure all glassmorphism is consistent. Let me also do a full `dart analyze` to clean up any issues.


⚡ [Bash]

Good, 0 errors, 0 warnings. Now let me enhance the dog speech bubble to change based on time of day, add a streak completion animation widget, and ensure the theme is consistently applied.


⚡ [Write]



⚡ [Bash]

Now let me enhance DogStateService to include time-of-day specific messages and add the time-based greeting logic to the home view's speech bubble.


⚡ [Read]



⚡ [Edit]

Now add the `_getTimeBasedMessages` method.


⚡ [Read]



⚡ [Read]



⚡ [Edit]

Now let's do a full analyze to make sure everything is clean.


⚡ [Bash]



⚡ [Bash]



⚡ [TodoWrite]

Now Phase 7: Unit tests + flow tests. Let me create all test files.


⚡ [Bash]

Let me create all the model tests, service tests, and flow tests in parallel.


⚡ [Write]



⚡ [Write]



⚡ [Write]

Now let me write the service tests.


⚡ [Write]



⚡ [Write]



⚡ [Write]



⚡ [Write]

Now let me run the tests to see how they do.


⚡ [Bash]
